<?xml version="1.0" encoding="UTF-8"?>
<!-- Generated by org.testng.reporters.JUnitXMLReporter -->
<testsuite ignored="0" hostname="theVikas" failures="1" tests="18" name="fireFoxTest" time="195.754" errors="0" timestamp="2025-10-08T20:21:09 GMT-04:00">
  <testcase classname="testCases.TC_L1" name="login" time="11.314"/>
  <testcase classname="testCases.TC_L2" name="loginWithInvalidPassword" time="11.283"/>
  <testcase classname="testCases.TC_L3" name="loginWithLockedUser" time="1.112"/>
  <testcase classname="testCases.TC_L4" name="emptyField" time="0.218"/>
  <testcase classname="testCases.TC_P1" name="prodctListVerification" time="0.889"/>
  <testcase classname="testCases.TC_P2" name="aToZsorting" time="0.862"/>
  <testcase classname="testCases.TC_P3" name="lowToHighPriceSorting" time="0.72"/>
  <testcase classname="testCases.TC_P4" name="verifyProduct" time="0.722"/>
  <testcase classname="testCases.TC_C1" name="verifyCartCount" time="0.655"/>
  <testcase classname="testCases.TC_C2" name="verifyRemovingProduct" time="1.164"/>
  <testcase classname="testCases.TC_C3" name="verifyAddingMultipleProduct" time="1.423"/>
  <testcase classname="testCases.TC_C4" name="verifyCartDetails" time="1.328"/>
  <testcase classname="testCases.TC_CH1" name="verifyCheckOut" time="1.385"/>
  <testcase classname="testCases.TC_CH2" name="verifyMandatoryField" time="1.665"/>
  <testcase classname="testCases.TC_CH3" name="verifyOrderSummary" time="1.55"/>
  <testcase classname="testCases.TC_CH4" name="verifySuccessfulOrderCompletion" time="1.387"/>
  <testcase classname="testCases.TC_O1" name="veifyUserLogout" time="0.696">
    <failure type="org.openqa.selenium.ElementNotInteractableException" message="Element &amp;lt;a id=&amp;quot;logout_sidebar_link&amp;quot; class=&amp;quot;bm-item menu-item&amp;quot; href=&amp;quot;#&amp;quot;&amp;gt; could not be scrolled into view
Build info: version: &amp;apos;4.34.0&amp;apos;, revision: &amp;apos;707dcb4246*&amp;apos;
System info: os.name: &amp;apos;Windows 11&amp;apos;, os.arch: &amp;apos;amd64&amp;apos;, os.version: &amp;apos;10.0&amp;apos;, java.version: &amp;apos;21.0.8&amp;apos;
Driver info: org.openqa.selenium.firefox.FirefoxDriver
Command: [a078d4fa-2e4f-4fb3-b00a-c5a0a060dbeb, clickElement {id=1508a320-1240-45de-b047-b03ac079af37}]
Capabilities {acceptInsecureCerts: true, browserName: firefox, browserVersion: 143.0.4, moz:accessibilityChecks: false, moz:buildID: 20251003115653, moz:geckodriverVersion: 0.36.0, moz:headless: false, moz:platformVersion: 10.0, moz:processID: 8944, moz:profile: C:\Users\tiwar\AppData\Loca..., moz:shutdownTimeout: 60000, moz:webdriverClick: true, moz:windowless: false, pageLoadStrategy: normal, platformName: windows, proxy: Proxy(), setWindowRect: true, strictFileInteractability: false, timeouts: {implicit: 0, pageLoad: 300000, script: 30000}, unhandledPromptBehavior: dismiss and notify, userAgent: Mozilla/5.0 (Windows NT 10....}
Element: [[FirefoxDriver: firefox on windows (a078d4fa-2e4f-4fb3-b00a-c5a0a060dbeb)] -&amp;gt; xpath: //a[@id=&amp;apos;logout_sidebar_link&amp;apos;]]
Session ID: a078d4fa-2e4f-4fb3-b00a-c5a0a060dbeb">
      <![CDATA[org.openqa.selenium.ElementNotInteractableException: Element <a id="logout_sidebar_link" class="bm-item menu-item" href="#"> could not be scrolled into view
Build info: version: '4.34.0', revision: '707dcb4246*'
System info: os.name: 'Windows 11', os.arch: 'amd64', os.version: '10.0', java.version: '21.0.8'
Driver info: org.openqa.selenium.firefox.FirefoxDriver
Command: [a078d4fa-2e4f-4fb3-b00a-c5a0a060dbeb, clickElement {id=1508a320-1240-45de-b047-b03ac079af37}]
Capabilities {acceptInsecureCerts: true, browserName: firefox, browserVersion: 143.0.4, moz:accessibilityChecks: false, moz:buildID: 20251003115653, moz:geckodriverVersion: 0.36.0, moz:headless: false, moz:platformVersion: 10.0, moz:processID: 8944, moz:profile: C:\Users\tiwar\AppData\Loca..., moz:shutdownTimeout: 60000, moz:webdriverClick: true, moz:windowless: false, pageLoadStrategy: normal, platformName: windows, proxy: Proxy(), setWindowRect: true, strictFileInteractability: false, timeouts: {implicit: 0, pageLoad: 300000, script: 30000}, unhandledPromptBehavior: dismiss and notify, userAgent: Mozilla/5.0 (Windows NT 10....}
Element: [[FirefoxDriver: firefox on windows (a078d4fa-2e4f-4fb3-b00a-c5a0a060dbeb)] -> xpath: //a[@id='logout_sidebar_link']]
Session ID: a078d4fa-2e4f-4fb3-b00a-c5a0a060dbeb
at org.openqa.selenium.remote.ErrorCodec.decode(ErrorCodec.java:167)
at org.openqa.selenium.remote.codec.w3c.W3CHttpResponseCodec.decode(W3CHttpResponseCodec.java:138)
at org.openqa.selenium.remote.codec.w3c.W3CHttpResponseCodec.decode(W3CHttpResponseCodec.java:50)
at org.openqa.selenium.remote.HttpCommandExecutor.execute(HttpCommandExecutor.java:215)
at org.openqa.selenium.remote.service.DriverCommandExecutor.invokeExecute(DriverCommandExecutor.java:216)
at org.openqa.selenium.remote.service.DriverCommandExecutor.execute(DriverCommandExecutor.java:174)
at org.openqa.selenium.remote.RemoteWebDriver.execute(RemoteWebDriver.java:544)
at org.openqa.selenium.remote.RemoteWebElement.execute(RemoteWebElement.java:223)
at org.openqa.selenium.remote.RemoteWebElement.click(RemoteWebElement.java:76)
at org.openqa.selenium.support.pagefactory.internal.LocatingElementHandler.invoke(LocatingElementHandler.java:51)
at jdk.proxy2/jdk.proxy2.$Proxy30.click(Unknown Source)
at pageObject.HomePage.logOut(HomePage.java:131)
at testCases.TC_O1.veifyUserLogout(TC_O1.java:26)
at java.base/java.util.ArrayList.forEach(ArrayList.java:1596)
at java.base/java.util.concurrent.FutureTask.run(FutureTask.java:317)
at java.base/java.util.concurrent.ThreadPoolExecutor.runWorker(ThreadPoolExecutor.java:1144)
at java.base/java.util.concurrent.ThreadPoolExecutor$Worker.run(ThreadPoolExecutor.java:642)
at java.base/java.lang.Thread.run(Thread.java:1583)
... Removed 20 stack frames]]>
    </failure>
  </testcase> <!-- veifyUserLogout -->
  <testcase classname="testCases.TC_O2" name="verifySessionAfterLogout" time="0.892"/>
</testsuite> <!-- fireFoxTest -->
